<?xml version="1.0" encoding="UTF-8" ?>
<testsuite errors="0" failures="0" hostname="DESKTOP-7II81RJ" name="br.sceweb.testeIntegracao.TestWebsiteTitle" skipped="0" tests="2" time="0.165" timestamp="2017-06-15T16:49:50">
  <properties>
[...]
</properties>
  <testcase classname="br.sceweb.testeIntegracao.TestWebsiteTitle" name="testGetTitle" time="0.006" />
  <testcase classname="br.sceweb.testeIntegracao.TestWebsiteTitle" name="testSetTitle" time="0.0" />
  <system-out><![CDATA[]]></system-out>
  <system-err><![CDATA[]]></system-err>
</testsuite>
